\BOOKMARK [0][-]{chapter*.2}{Introducci\363}{}% 1
\BOOKMARK [0][-]{chapter.1}{Visi\363n General del proyecto}{}% 2
\BOOKMARK [1][-]{section.1.1}{Docker}{chapter.1}% 3
\BOOKMARK [1][-]{section.1.2}{Aaaida}{chapter.1}% 4
\BOOKMARK [1][-]{section.1.3}{Motivaci\363n}{chapter.1}% 5
\BOOKMARK [1][-]{section.1.4}{Objetivos}{chapter.1}% 6
\BOOKMARK [1][-]{section.1.5}{Organizaci\363n del proyecto}{chapter.1}% 7
\BOOKMARK [0][-]{chapter.2}{Organitzaci\363 del treball}{}% 8
\BOOKMARK [1][-]{section.2.1}{P\340gines preliminars}{chapter.2}% 9
\BOOKMARK [2][-]{subsection.2.1.1}{Portada}{section.2.1}% 10
\BOOKMARK [2][-]{subsection.2.1.2}{Resum}{section.2.1}% 11
\BOOKMARK [2][-]{subsection.2.1.3}{Dedicat\362ria}{section.2.1}% 12
\BOOKMARK [2][-]{subsection.2.1.4}{\315ndex}{section.2.1}% 13
\BOOKMARK [1][-]{section.2.2}{Cos del treball}{chapter.2}% 14
\BOOKMARK [2][-]{subsection.2.2.1}{Introducci\363}{section.2.2}% 15
\BOOKMARK [2][-]{subsection.2.2.2}{Confecci\363 dels cap\355tols}{section.2.2}% 16
\BOOKMARK [2][-]{subsection.2.2.3}{F\363rmules, figures i taules}{section.2.2}% 17
\BOOKMARK [2][-]{subsection.2.2.4}{Estudi d'ambientalitzaci\363}{section.2.2}% 18
\BOOKMARK [2][-]{subsection.2.2.5}{Bibliografia}{section.2.2}% 19
\BOOKMARK [1][-]{section.2.3}{Ap\350ndixs}{chapter.2}% 20
\BOOKMARK [0][-]{chapter*.4}{Conclusions}{}% 21
\BOOKMARK [0][-]{chapter*.6}{Bibliograf\355a}{}% 22
\BOOKMARK [0][-]{appendix.A}{Exemple de prova d'un ap\350ndix}{}% 23
