This is pdfTeX, Version 3.14159265-2.6-1.40.16 (TeX Live 2015/Debian) (preloaded format=pdflatex 2016.9.6)  17 OCT 2016 13:23
entering extended mode
 restricted \write18 enabled.
 %&-line parsing enabled.
**prova.tex
(./prova.tex
LaTeX2e <2016/02/01>
Babel <3.9q> and hyphenation patterns for 81 language(s) loaded.
! Undefined control sequence.
l.1 \chapter
            {Emular la Raspberry Pi en Qemu}
The control sequence at the end of the top line
of your error message was never \def'ed. If you have
misspelled it (e.g., `\hobx'), type `I' and the correct
spelling (e.g., `I\hbox'). Otherwise just continue,
and I'll forget about whatever was undefined.


! LaTeX Error: Missing \begin{document}.

See the LaTeX manual or LaTeX Companion for explanation.
Type  H <return>  for immediate help.
 ...                                              
                                                  
l.1 \chapter{E
              mular la Raspberry Pi en Qemu}
You're in trouble here.  Try typing  <return>  to proceed.
If that doesn't work, type  X <return>  to quit.

Missing character: There is no E in font nullfont!
Missing character: There is no m in font nullfont!
Missing character: There is no u in font nullfont!
Missing character: There is no l in font nullfont!
Missing character: There is no a in font nullfont!
Missing character: There is no r in font nullfont!
Missing character: There is no l in font nullfont!
Missing character: There is no a in font nullfont!
Missing character: There is no R in font nullfont!
Missing character: There is no a in font nullfont!
Missing character: There is no s in font nullfont!
Missing character: There is no p in font nullfont!
Missing character: There is no b in font nullfont!
Missing character: There is no e in font nullfont!
Missing character: There is no r in font nullfont!
Missing character: There is no r in font nullfont!
Missing character: There is no y in font nullfont!
Missing character: There is no P in font nullfont!
Missing character: There is no i in font nullfont!
Missing character: There is no e in font nullfont!
Missing character: There is no n in font nullfont!
Missing character: There is no Q in font nullfont!
Missing character: There is no e in font nullfont!
Missing character: There is no m in font nullfont!
Missing character: There is no u in font nullfont!

Overfull \hbox (20.0pt too wide) in paragraph at lines 1--2
[]
 []


! LaTeX Error: Missing \begin{document}.

See the LaTeX manual or LaTeX Companion for explanation.
Type  H <return>  for immediate help.
 ...                                              
                                                  
l.3 \begin{verbatim}
                    
You're in trouble here.  Try typing  <return>  to proceed.
If that doesn't work, type  X <return>  to quit.


Overfull \hbox (20.0pt too wide) in paragraph at lines 3--3
[] 
 []


Overfull \hbox (309.7473pt too wide) in paragraph at lines 42--42
[]\OT1/cmtt/m/n/10 ----------Compilar qemu con soporte ARM 1176---------------[
] 
 []


Overfull \hbox (241.4979pt too wide) in paragraph at lines 42--42
[]\OT1/cmtt/m/n/10 # apt-get install git zlib1g-dev libsdl1.2-dev[] 
 []


Overfull \hbox (230.99799pt too wide) in paragraph at lines 42--42
[]\OT1/cmtt/m/n/10 # apt-get install libpixman-1-dev libfdt-dev[] 
 []


Overfull \hbox (99.74913pt too wide) in paragraph at lines 42--42
[]\OT1/cmtt/m/n/10 $ mkdir raspberrypi[] 
 []


Overfull \hbox (83.99927pt too wide) in paragraph at lines 42--42
[]\OT1/cmtt/m/n/10 $ cd raspberrypi[] 
 []


Overfull \hbox (246.74785pt too wide) in paragraph at lines 42--42
[]\OT1/cmtt/m/n/10 $ git clone git://git.qemu-project.org/qemu.git[] 
 []


Overfull \hbox (47.24959pt too wide) in paragraph at lines 42--42
[]\OT1/cmtt/m/n/10 $ cd qemu[] 
 []


Overfull \hbox (435.7462pt too wide) in paragraph at lines 42--42
[]\OT1/cmtt/m/n/10 $ ./configure --target-list="arm-softmmu arm-linux-user" --e
nable-sdl --prefix=/usr[] 
 []


Overfull \hbox (31.49973pt too wide) in paragraph at lines 42--42
[]\OT1/cmtt/m/n/10 $ make[] 
 []


Overfull \hbox (73.49936pt too wide) in paragraph at lines 42--42
[]\OT1/cmtt/m/n/10 # make install[] 
 []


Overfull \hbox (377.9967pt too wide) in paragraph at lines 42--42
[]\OT1/cmtt/m/n/10 ---------- Descargar la imagen de la raspberry pi y el kerne
l-qemu------[] 
 []


Overfull \hbox (299.24739pt too wide) in paragraph at lines 42--42
[]\OT1/cmtt/m/n/10 $ wget "http://downloads.raspberrypi.org/raspbian_latest"[] 

 []

Missing character: There is no Ã in font cmtt10!
Missing character: There is no ³ in font cmtt10!

Overfull \hbox (398.99652pt too wide) in paragraph at lines 42--42
[]\OT1/cmtt/m/n/10 $ unzip 2016-03-18-raspbian-jessie.img.zip    //(la versin q
ue te descarges)[] 
 []

Missing character: There is no Ã in font cmtt10!
Missing character: There is no ³ in font cmtt10!

Overfull \hbox (225.74803pt too wide) in paragraph at lines 42--42
[]\OT1/cmtt/m/n/10 $ rm -rf 2016-03-18-raspbian-jessie.img.zip
 []


Overfull \hbox (125.9989pt too wide) in paragraph at lines 42--42
\OT1/cmtt/m/n/10 //(la versin descargada)[] 
 []


Overfull \hbox (215.24812pt too wide) in paragraph at lines 42--42
[]\OT1/cmtt/m/n/10 $ fdisk -l 2016-03-18-raspbian-jessie.img[] 
 []


Overfull \hbox (414.74638pt too wide) in paragraph at lines 42--42
[]\OT1/cmtt/m/n/10 $ sudo mount -v -o offset=67108864 -t ext4 2016-03-18-raspbi
an-jessie.img /mnt/[] 
 []


Overfull \hbox (47.24959pt too wide) in paragraph at lines 42--42
[]\OT1/cmtt/m/n/10 $ cd /mnt[] 
 []


Overfull \hbox (288.74748pt too wide) in paragraph at lines 42--42
[]\OT1/cmtt/m/n/10 $ sudo nano ./etc/ld.so.preload  //(comentar el codigo)[] 
 []


Overfull \hbox (299.24739pt too wide) in paragraph at lines 42--42
[]\OT1/cmtt/m/n/10 $ sudo nano ./etc/fstab     //(Comentar la segunda linea)[] 

 []


Overfull \hbox (31.49973pt too wide) in paragraph at lines 42--42
[]\OT1/cmtt/m/n/10 $ cd ~[] 
 []


Overfull \hbox (94.49918pt too wide) in paragraph at lines 42--42
[]\OT1/cmtt/m/n/10 $ sudo umount /mnt[] 
 []


Overfull \hbox (320.24721pt too wide) in paragraph at lines 42--42
[]\OT1/cmtt/m/n/10 ------------Ejecutar por primera vez------------------------
-[] 
 []


Overfull \hbox (1076.24062pt too wide) in paragraph at lines 42--42
[]\OT1/cmtt/m/n/10 $ qemu-system-arm -kernel kernel-qemu -cpu arm1176 -m 256 -M
 versatilepb -no-reboot -serial stdio -append "root=/dev/sda2 panic=1 rootfstyp
e=ext4 rw" -hda 2016-03-18-raspbian-jessie.img -redir tcp:2222::22[] 
 []


Overfull \hbox (283.49753pt too wide) in paragraph at lines 42--42
[]\OT1/cmtt/m/n/10 ------------ Resize de la imagen ---------------------[] 
 []


Overfull \hbox (183.7484pt too wide) in paragraph at lines 42--42
[]\OT1/cmtt/m/n/10 $ qemu-img resize raspi.img +16024M[] 
 []


Overfull \hbox (813.7429pt too wide) in paragraph at lines 42--42
[]\OT1/cmtt/m/n/10 $ qemu-system-arm -M versatilepb -cpu arm1176 -hda 2016-03-1
8-raspbian-jessie.img -kernel kernel-qemu -m 192 -append "root=/dev/sda2" -driv
e file=raspi.img[] 
 []


Overfull \hbox (173.24849pt too wide) in paragraph at lines 42--42
[]\OT1/cmtt/m/n/10 $ sudo apt-get -y install gparted[] 
 []


Overfull \hbox (73.49936pt too wide) in paragraph at lines 42--42
[]\OT1/cmtt/m/n/10 $ sudo gparted[] 
 []


Overfull \hbox (965.99158pt too wide) in paragraph at lines 42--42
[]\OT1/cmtt/m/n/10 $ qemu-system-arm -kernel kernel-qemu -cpu arm1176 -m 256 -M
 versatilepb -no-reboot -serial stdio -append "root=/dev/sda2 panic=1 rootfstyp
e=ext4 rw" -hda raspi.img -redir tcp:2222::22[] 
 []

Missing character: There is no P in font nullfont!
Missing character: There is no u in font nullfont!
Missing character: There is no e in font nullfont!
Missing character: There is no d in font nullfont!
Missing character: There is no e in font nullfont!
Missing character: There is no h in font nullfont!
Missing character: There is no a in font nullfont!
Missing character: There is no b in font nullfont!
Missing character: There is no e in font nullfont!
Missing character: There is no r in font nullfont!
Missing character: There is no p in font nullfont!
Missing character: There is no r in font nullfont!
Missing character: There is no o in font nullfont!
Missing character: There is no b in font nullfont!
Missing character: There is no l in font nullfont!
Missing character: There is no e in font nullfont!
Missing character: There is no m in font nullfont!
Missing character: There is no a in font nullfont!
Missing character: There is no s in font nullfont!
Missing character: There is no c in font nullfont!
Missing character: There is no o in font nullfont!
Missing character: There is no n in font nullfont!
Missing character: There is no l in font nullfont!
Missing character: There is no a in font nullfont!
Missing character: There is no i in font nullfont!
Missing character: There is no n in font nullfont!
Missing character: There is no t in font nullfont!
Missing character: There is no e in font nullfont!
Missing character: There is no r in font nullfont!
Missing character: There is no f in font nullfont!
Missing character: There is no a in font nullfont!
Missing character: There is no z in font nullfont!
Missing character: There is no g in font nullfont!
Missing character: There is no r in font nullfont!
Missing character: There is no Ã in font nullfont!
Missing character: There is no ¡ in font nullfont!
Missing character: There is no f in font nullfont!
Missing character: There is no i in font nullfont!
Missing character: There is no c in font nullfont!
Missing character: There is no a in font nullfont!
Missing character: There is no , in font nullfont!
Missing character: There is no y in font nullfont!
Missing character: There is no a in font nullfont!
Missing character: There is no q in font nullfont!
Missing character: There is no u in font nullfont!
Missing character: There is no e in font nullfont!
Missing character: There is no s in font nullfont!
Missing character: There is no i in font nullfont!
Missing character: There is no n in font nullfont!
Missing character: There is no o in font nullfont!
Missing character: There is no h in font nullfont!
Missing character: There is no a in font nullfont!
Missing character: There is no y in font nullfont!
Missing character: There is no s in font nullfont!
Missing character: There is no u in font nullfont!
Missing character: There is no f in font nullfont!
Missing character: There is no i in font nullfont!
Missing character: There is no c in font nullfont!
Missing character: There is no i in font nullfont!
Missing character: There is no e in font nullfont!
Missing character: There is no n in font nullfont!
Missing character: There is no t in font nullfont!
Missing character: There is no e in font nullfont!
Missing character: There is no m in font nullfont!
Missing character: There is no e in font nullfont!
Missing character: There is no m in font nullfont!
Missing character: There is no o in font nullfont!
Missing character: There is no r in font nullfont!
Missing character: There is no i in font nullfont!
Missing character: There is no a in font nullfont!
Missing character: There is no e in font nullfont!
Missing character: There is no n in font nullfont!
Missing character: There is no l in font nullfont!
Missing character: There is no a in font nullfont!
Missing character: There is no i in font nullfont!
Missing character: There is no m in font nullfont!
Missing character: There is no a in font nullfont!
Missing character: There is no g in font nullfont!
Missing character: There is no e in font nullfont!
Missing character: There is no n in font nullfont!
Missing character: There is no , in font nullfont!
Missing character: There is no s in font nullfont!
Missing character: There is no e in font nullfont!
Missing character: There is no d in font nullfont!
Missing character: There is no e in font nullfont!
Missing character: There is no s in font nullfont!
Missing character: There is no h in font nullfont!
Missing character: There is no a in font nullfont!
Missing character: There is no b in font nullfont!
Missing character: There is no i in font nullfont!
Missing character: There is no l in font nullfont!
Missing character: There is no i in font nullfont!
Missing character: There is no t in font nullfont!
Missing character: There is no a in font nullfont!
Missing character: There is no . in font nullfont!

Overfull \hbox (20.0pt too wide) in paragraph at lines 44--45
[]
 []


! LaTeX Error: \begin{document} ended by \end{verbatim}.

See the LaTeX manual or LaTeX Companion for explanation.
Type  H <return>  for immediate help.
 ...                                              
                                                  
l.46 \end{verbatim}
                   
Your command was ignored.
Type  I <command> <return>  to replace it with another command,
or  <return>  to continue without it.

! Extra \endgroup.
<recently read> \endgroup 
                          
l.46 \end{verbatim}
                   
Things are pretty mixed up, but I think the worst is over.

)
! Emergency stop.
<*> prova.tex
             
*** (job aborted, no legal \end found)

 
Here is how much of TeX's memory you used:
 8 strings out of 493029
 151 string characters out of 6136235
 57079 words of memory out of 5000000
 3643 multiletter control sequences out of 15000+600000
 3808 words of font info for 15 fonts, out of 8000000 for 9000
 1141 hyphenation exceptions out of 8191
 18i,1n,14p,217b,156s stack positions out of 5000i,500n,10000p,200000b,80000s
!  ==> Fatal error occurred, no output PDF file produced!
